01:56:43.003 FormCreate START
01:56:43.011 Caption set
01:56:43.016 Loading settings...
01:57:14.398 FormCreate START
01:57:14.406 Caption set
01:57:14.415 Loading settings...
01:57:14.421 AppPath = C:\Users\lordo\Documents\Legie\bin\
01:57:14.428 Loading legie.sud...
01:57:14.438 PAK loaded OK
01:57:14.444 Init FMOD...
01:57:14.529 Sound init OK
01:57:14.536 LoadRegistrySettings...
01:57:14.540 InitMaterials...
01:57:14.549 Setting viewer size...
01:57:14.558 Loading SFX...
01:57:14.564 Some SFX failed
01:57:14.569 SFX done
01:57:14.574 FormCreate DONE
01:57:58.288 FormCreate START
01:57:58.296 Caption set
01:57:58.300 Loading settings...
01:57:58.307 AppPath = C:\Users\lordo\Documents\Legie\bin\
01:57:58.313 Loading legie.sud...
01:57:58.321 PAK loaded OK
01:57:58.330 Init FMOD...
01:57:58.416 Sound init OK
01:57:58.424 LoadRegistrySettings...
01:57:58.431 InitMaterials...
01:57:58.431 Setting viewer size...
01:57:58.446 Loading SFX...
01:57:58.452 Some SFX failed
01:57:58.460 SFX done
01:57:58.463 FormCreate DONE
